2025-04-24 09:17:31,354 [INFO] Activator:176 - 


2025-04-24 09:17:31,356 [INFO] Activator:177 - !SESSION log4j initialized
2025-04-24 09:17:33,102 [INFO] LogOutputStream:77 - [STDOUT_REDIRECT] 
2025-04-24 09:17:35,250 [INFO] ApplicationProperties:184 - Using Application install path: /opt/stm32cubeide/plugins/com.st.stm32cube.common.mx_6.14.0.202502271554
2025-04-24 09:17:35,273 [INFO] DbMcusXml:78 - Set database path to: /opt/stm32cubeide/plugins/com.st.stm32cube.common.mx_6.14.0.202502271554//db//mcu/
2025-04-24 09:17:35,273 [INFO] ApiDb:274 - Set plugin database path to: /opt/stm32cubeide/plugins/com.st.stm32cube.common.mx_6.14.0.202502271554//db//plugins/boardmanager/
2025-04-24 09:17:35,274 [WARN] ApiDb:259 - Overriding images path with different value:  => /opt/stm32cubeide/plugins/com.st.stm32cube.common.mx_6.14.0.202502271554//db//plugins/mcufinder/images/
2025-04-24 09:17:35,287 [INFO] ApiDb:250 - Set database path to: /home/alex/.stmcufinder/plugins/mcufinder//mcu/
2025-04-24 09:17:35,288 [INFO] DbMcusAds:125 - Set database path to: /home/alex/.stmcufinder/plugins/mcufinder//mcu/
2025-04-24 09:17:35,291 [INFO] CrossReferenceDbSqlite:203 - Set database path to: /home/alex/.stmcufinder/plugins/mcufinder//mcu/cs/
2025-04-24 09:17:35,421 [INFO] RulesReader:64 - Compatibility file has been processed (301 Rules)
2025-04-24 09:17:35,498 [INFO] DbMcusXml:78 - Set database path to: /opt/stm32cubeide/plugins/com.st.stm32cube.common.mx_6.14.0.202502271554//db//mcu/
2025-04-24 09:17:35,499 [INFO] ApiDb:274 - Set plugin database path to: /opt/stm32cubeide/plugins/com.st.stm32cube.common.mx_6.14.0.202502271554//db//plugins/boardmanager/
2025-04-24 09:17:35,499 [INFO] ApiDb:261 - Set plugin images path to: /opt/stm32cubeide/plugins/com.st.stm32cube.common.mx_6.14.0.202502271554//db//plugins/mcufinder/images/
2025-04-24 09:17:35,499 [WARN] DbFile:41 - Overriding database path with different value: /home/alex/.stmcufinder/plugins/mcufinder/ => /home/alex/.stmcufinder/plugins/mcufinder
2025-04-24 09:17:35,499 [INFO] ApiDb:250 - Set database path to: /home/alex/.stmcufinder/plugins/mcufinder//mcu/
2025-04-24 09:17:35,499 [WARN] DbFile:41 - Overriding database path with different value: /home/alex/.stmcufinder/plugins/mcufinder/ => /home/alex/.stmcufinder/plugins/mcufinder
2025-04-24 09:17:35,499 [INFO] DbMcusAds:125 - Set database path to: /home/alex/.stmcufinder/plugins/mcufinder//mcu/
2025-04-24 09:17:35,500 [WARN] DbFile:41 - Overriding database path with different value: /home/alex/.stmcufinder/plugins/mcufinder/ => /home/alex/.stmcufinder/plugins/mcufinder
2025-04-24 09:17:35,500 [WARN] DbFile:41 - Overriding database path with different value: /home/alex/.stmcufinder/plugins/mcufinder/ => /home/alex/.stmcufinder/plugins/mcufinder
2025-04-24 09:17:35,500 [INFO] CrossReferenceDbSqlite:203 - Set database path to: /home/alex/.stmcufinder/plugins/mcufinder//mcu/cs/
2025-04-24 09:17:35,587 [INFO] MainPanel:272 - HeapMemory: 268435456
2025-04-24 09:17:35,925 [INFO] DbMcusXml:78 - Set database path to: /opt/stm32cubeide/plugins/com.st.stm32cube.common.mx_6.14.0.202502271554//db//mcu/
2025-04-24 09:17:35,925 [INFO] ApiDb:274 - Set plugin database path to: /opt/stm32cubeide/plugins/com.st.stm32cube.common.mx_6.14.0.202502271554//db//plugins/boardmanager/
2025-04-24 09:17:35,925 [INFO] ApiDb:261 - Set plugin images path to: /opt/stm32cubeide/plugins/com.st.stm32cube.common.mx_6.14.0.202502271554//db//plugins/mcufinder/images/
2025-04-24 09:17:35,926 [WARN] DbFile:41 - Overriding database path with different value: /home/alex/.stmcufinder/plugins/mcufinder/ => /home/alex/.stmcufinder/plugins/mcufinder
2025-04-24 09:17:35,926 [INFO] ApiDb:250 - Set database path to: /home/alex/.stmcufinder/plugins/mcufinder//mcu/
2025-04-24 09:17:35,926 [WARN] DbFile:41 - Overriding database path with different value: /home/alex/.stmcufinder/plugins/mcufinder/ => /home/alex/.stmcufinder/plugins/mcufinder
2025-04-24 09:17:35,926 [INFO] DbMcusAds:125 - Set database path to: /home/alex/.stmcufinder/plugins/mcufinder//mcu/
2025-04-24 09:17:35,926 [WARN] DbFile:41 - Overriding database path with different value: /home/alex/.stmcufinder/plugins/mcufinder/ => /home/alex/.stmcufinder/plugins/mcufinder
2025-04-24 09:17:35,926 [WARN] DbFile:41 - Overriding database path with different value: /home/alex/.stmcufinder/plugins/mcufinder/ => /home/alex/.stmcufinder/plugins/mcufinder
2025-04-24 09:17:35,927 [INFO] CrossReferenceDbSqlite:203 - Set database path to: /home/alex/.stmcufinder/plugins/mcufinder//mcu/cs/
2025-04-24 09:17:35,945 [INFO] ApplicationProperties:184 - Using Application install path: /opt/stm32cubeide/plugins/com.st.stm32cube.common.mx_6.14.0.202502271554
2025-04-24 09:17:35,947 [INFO] PluginManage:196 - Search for loadable plugins [exclusion list=, ]
2025-04-24 09:17:35,948 [INFO] PluginManage:310 - Check plugin analytics
2025-04-24 09:17:36,135 [INFO] AnalyticsPlugin:253 - Accepted Software Licenses: 
2025-04-24 09:17:36,135 [INFO] AnalyticsPlugin:255 - Accepted CMSIS Pack Licenses: 
2025-04-24 09:17:36,135 [INFO] AnalyticsPlugin:257 - Accepted Firmware Licenses: 
2025-04-24 09:17:36,138 [INFO] PluginManage:359 - Loaded plugin analytics (category:tool,tabindex:-1)
2025-04-24 09:17:36,138 [INFO] PluginManage:310 - Check plugin cadmodel
2025-04-24 09:17:36,146 [INFO] CADModel:105 - Init CAD model plugin
2025-04-24 09:17:36,146 [INFO] PluginManage:359 - Loaded plugin cadmodel (category:power,tabindex:5)
2025-04-24 09:17:36,147 [INFO] PluginManage:310 - Check plugin clock
2025-04-24 09:17:36,160 [INFO] PluginManage:359 - Loaded plugin clock (category:base,tabindex:2)
2025-04-24 09:17:36,161 [INFO] PluginManage:310 - Check plugin ddr
2025-04-24 09:17:36,164 [INFO] PluginManage:359 - Loaded plugin ddr (category:tool,tabindex:6)
2025-04-24 09:17:36,164 [INFO] PluginManage:310 - Check plugin filemanager
2025-04-24 09:17:36,417 [INFO] PluginManage:359 - Loaded plugin filemanager (category:base,tabindex:10)
2025-04-24 09:17:36,417 [INFO] PluginManage:310 - Check plugin ipmanager
2025-04-24 09:17:36,423 [INFO] PluginManage:359 - Loaded plugin ipmanager (category:base,tabindex:5)
2025-04-24 09:17:36,424 [INFO] PluginManage:310 - Check plugin lpbam
2025-04-24 09:17:36,436 [INFO] PluginManage:359 - Loaded plugin lpbam (category:base,tabindex:0)
2025-04-24 09:17:36,436 [INFO] PluginManage:310 - Check plugin memorymap
2025-04-24 09:17:36,451 [INFO] PluginManage:359 - Loaded plugin memorymap (category:base,tabindex:4)
2025-04-24 09:17:36,451 [INFO] PluginManage:310 - Check plugin pinoutandconfiguration
2025-04-24 09:17:36,463 [INFO] PluginManage:359 - Loaded plugin pinoutandconfiguration (category:base,tabindex:1)
2025-04-24 09:17:36,463 [INFO] PluginManage:310 - Check plugin pinoutconfig
2025-04-24 09:17:36,558 [WARN] SupportedApi:132 - Cannot load RTOS API schema: s4s-elt-must-match.1: The content of 'definitions' must match (annotation?, (simpleType | complexType)?, (unique | key | keyref)*)). A problem was found starting at: attribute.
2025-04-24 09:17:36,721 [INFO] PluginManage:359 - Loaded plugin pinoutconfig (category:base,tabindex:0)
2025-04-24 09:17:36,721 [INFO] PluginManage:310 - Check plugin power
2025-04-24 09:17:36,733 [INFO] PluginManage:359 - Loaded plugin power (category:power,tabindex:4)
2025-04-24 09:17:36,734 [INFO] PluginManage:310 - Check plugin projectmanager
2025-04-24 09:17:36,751 [INFO] PluginManage:359 - Loaded plugin projectmanager (category:projectmanager,tabindex:4)
2025-04-24 09:17:36,752 [INFO] PluginManage:310 - Check plugin rif
2025-04-24 09:17:36,761 [INFO] PluginManage:359 - Loaded plugin rif (category:base,tabindex:3)
2025-04-24 09:17:36,761 [INFO] PluginManage:310 - Check plugin thirdparty
2025-04-24 09:17:36,907 [INFO] PluginManage:359 - Loaded plugin thirdparty (category:base,tabindex:-1)
2025-04-24 09:17:36,907 [WARN] IntegrityCheckThread:84 - waiting for thirdparty lock release [integrity check]
2025-04-24 09:17:36,907 [INFO] PluginManage:310 - Check plugin tools
2025-04-24 09:17:36,907 [INFO] IntegrityCheckThread:86 - entering critical section [integrity check]
2025-04-24 09:17:36,908 [INFO] ThirdPartyUpdaterWithRetryManager:70 - Updater plugin not ready yet. [1/15]
2025-04-24 09:17:36,910 [INFO] PluginManage:359 - Loaded plugin tools (category:base,tabindex:7)
2025-04-24 09:17:36,910 [INFO] PluginManage:310 - Check plugin tutovideos
2025-04-24 09:17:37,101 [INFO] PluginManage:359 - Loaded plugin tutovideos (category:base,tabindex:-1)
2025-04-24 09:17:37,102 [INFO] PluginManage:310 - Check plugin updater
2025-04-24 09:17:37,138 [INFO] PluginManage:359 - Loaded plugin updater (category:base,tabindex:12)
2025-04-24 09:17:37,138 [INFO] PluginManage:310 - Check plugin userauth
2025-04-24 09:17:37,143 [INFO] UserAuth:118 - Init User Auth plugin
2025-04-24 09:17:37,144 [INFO] PluginManage:359 - Loaded plugin userauth (category:base,tabindex:14)
2025-04-24 09:17:37,145 [INFO] PluginManage:283 - PluginManage : Loaded plugins [18]
2025-04-24 09:17:37,346 [INFO] PinOutPanel:1589 - setPackage(No Configuration,No Configuration)
2025-04-24 09:17:37,423 [INFO] CADModel:165 - CPN selected for project level
2025-04-24 09:17:37,423 [INFO] CADModel:114 - Register for checkConnection events
2025-04-24 09:17:37,438 [INFO] IPUIPlugin:80 - create IPUIPlugin
2025-04-24 09:17:37,438 [INFO] PluginManager:220 - loadIPPluginJar : add ddr_ctrl_phy
2025-04-24 09:17:37,440 [INFO] IPUIPlugin:80 - create IPUIPlugin
2025-04-24 09:17:37,441 [INFO] PluginManager:220 - loadIPPluginJar : add ts
2025-04-24 09:17:37,447 [INFO] IPUIPlugin:80 - create IPUIPlugin
2025-04-24 09:17:37,448 [INFO] PluginManager:220 - loadIPPluginJar : add linkedlist
2025-04-24 09:17:37,451 [INFO] IPUIPlugin:80 - create IPUIPlugin
2025-04-24 09:17:37,451 [INFO] PluginManager:220 - loadIPPluginJar : add usbx
2025-04-24 09:17:37,453 [INFO] IPUIPlugin:80 - create IPUIPlugin
2025-04-24 09:17:37,453 [INFO] PluginManager:220 - loadIPPluginJar : add aes
2025-04-24 09:17:37,457 [INFO] IPUIPlugin:80 - create IPUIPlugin
2025-04-24 09:17:37,457 [INFO] PluginManager:220 - loadIPPluginJar : add ipddr
2025-04-24 09:17:37,460 [INFO] IPUIPlugin:80 - create IPUIPlugin
2025-04-24 09:17:37,460 [INFO] PluginManager:220 - loadIPPluginJar : add lorawan
2025-04-24 09:17:37,462 [INFO] IPUIPlugin:80 - create IPUIPlugin
2025-04-24 09:17:37,462 [INFO] PluginManager:220 - loadIPPluginJar : add dfsdm
2025-04-24 09:17:37,464 [INFO] IPUIPlugin:80 - create IPUIPlugin
2025-04-24 09:17:37,465 [INFO] PluginManager:220 - loadIPPluginJar : add ucpd
2025-04-24 09:17:37,466 [INFO] IPUIPlugin:80 - create IPUIPlugin
2025-04-24 09:17:37,466 [INFO] PluginManager:220 - loadIPPluginJar : add quadspi
2025-04-24 09:17:37,468 [INFO] IPUIPlugin:80 - create IPUIPlugin
2025-04-24 09:17:37,468 [INFO] PluginManager:220 - loadIPPluginJar : add tracer_emb
2025-04-24 09:17:37,471 [INFO] IPUIPlugin:80 - create IPUIPlugin
2025-04-24 09:17:37,471 [INFO] PluginManager:220 - loadIPPluginJar : add sai
2025-04-24 09:17:37,475 [INFO] IPUIPlugin:80 - create IPUIPlugin
2025-04-24 09:17:37,475 [INFO] PluginManager:220 - loadIPPluginJar : add gtzc
2025-04-24 09:17:37,476 [INFO] IPUIPlugin:80 - create IPUIPlugin
2025-04-24 09:17:37,477 [INFO] PluginManager:220 - loadIPPluginJar : add genericplugin
2025-04-24 09:17:37,479 [INFO] IPUIPlugin:80 - create IPUIPlugin
2025-04-24 09:17:37,479 [INFO] PluginManager:220 - loadIPPluginJar : add hash
2025-04-24 09:17:37,482 [INFO] IPUIPlugin:80 - create IPUIPlugin
2025-04-24 09:17:37,482 [INFO] PluginManager:220 - loadIPPluginJar : add gfxmmu
2025-04-24 09:17:37,484 [INFO] IPUIPlugin:80 - create IPUIPlugin
2025-04-24 09:17:37,484 [INFO] PluginManager:220 - loadIPPluginJar : add tsc
2025-04-24 09:17:37,486 [INFO] IPUIPlugin:80 - create IPUIPlugin
2025-04-24 09:17:37,487 [INFO] PluginManager:220 - loadIPPluginJar : add extmemmanager
2025-04-24 09:17:37,489 [INFO] IPUIPlugin:80 - create IPUIPlugin
2025-04-24 09:17:37,489 [INFO] PluginManager:220 - loadIPPluginJar : add i2s
2025-04-24 09:17:37,491 [INFO] IPUIPlugin:80 - create IPUIPlugin
2025-04-24 09:17:37,492 [INFO] PluginManager:220 - loadIPPluginJar : add radio
2025-04-24 09:17:37,499 [INFO] IPUIPlugin:80 - create IPUIPlugin
2025-04-24 09:17:37,499 [INFO] PluginManager:220 - loadIPPluginJar : add stm32_wpan
2025-04-24 09:17:37,503 [INFO] IPUIPlugin:80 - create IPUIPlugin
2025-04-24 09:17:37,503 [INFO] PluginManager:220 - loadIPPluginJar : add fmc
2025-04-24 09:17:37,505 [INFO] IPUIPlugin:80 - create IPUIPlugin
2025-04-24 09:17:37,505 [INFO] PluginManager:220 - loadIPPluginJar : add ltdc
2025-04-24 09:17:37,507 [INFO] IPUIPlugin:80 - create IPUIPlugin
2025-04-24 09:17:37,507 [INFO] PluginManager:220 - loadIPPluginJar : add tim
2025-04-24 09:17:37,511 [INFO] IPUIPlugin:80 - create IPUIPlugin
2025-04-24 09:17:37,511 [INFO] PluginManager:220 - loadIPPluginJar : add cryp
2025-04-24 09:17:37,515 [INFO] IPUIPlugin:80 - create IPUIPlugin
2025-04-24 09:17:37,515 [INFO] PluginManager:220 - loadIPPluginJar : add nvic
2025-04-24 09:17:37,518 [INFO] IPUIPlugin:80 - create IPUIPlugin
2025-04-24 09:17:37,518 [INFO] PluginManager:220 - loadIPPluginJar : add dma3
2025-04-24 09:17:37,523 [INFO] IPUIPlugin:80 - create IPUIPlugin
2025-04-24 09:17:37,523 [INFO] PluginManager:220 - loadIPPluginJar : add gic
2025-04-24 09:17:37,529 [INFO] IPUIPlugin:80 - create IPUIPlugin
2025-04-24 09:17:37,530 [INFO] PluginManager:220 - loadIPPluginJar : add adc
2025-04-24 09:17:37,532 [INFO] IPUIPlugin:80 - create IPUIPlugin
2025-04-24 09:17:37,532 [INFO] PluginManager:220 - loadIPPluginJar : add i3c
2025-04-24 09:17:37,535 [INFO] IPUIPlugin:80 - create IPUIPlugin
2025-04-24 09:17:37,535 [INFO] PluginManager:220 - loadIPPluginJar : add can
2025-04-24 09:17:37,541 [INFO] IPUIPlugin:80 - create IPUIPlugin
2025-04-24 09:17:37,544 [INFO] PluginManager:220 - loadIPPluginJar : add plateformsettings
2025-04-24 09:17:37,550 [INFO] IPUIPlugin:80 - create IPUIPlugin
2025-04-24 09:17:37,550 [INFO] PluginManager:220 - loadIPPluginJar : add freertos
2025-04-24 09:17:37,553 [INFO] IPUIPlugin:80 - create IPUIPlugin
2025-04-24 09:17:37,553 [INFO] PluginManager:220 - loadIPPluginJar : add usart
2025-04-24 09:17:37,556 [INFO] IPUIPlugin:80 - create IPUIPlugin
2025-04-24 09:17:37,556 [INFO] PluginManager:220 - loadIPPluginJar : add opamp
2025-04-24 09:17:37,558 [INFO] IPUIPlugin:80 - create IPUIPlugin
2025-04-24 09:17:37,558 [INFO] PluginManager:220 - loadIPPluginJar : add pdm2pcm
2025-04-24 09:17:37,563 [INFO] IPUIPlugin:80 - create IPUIPlugin
2025-04-24 09:17:37,563 [INFO] PluginManager:220 - loadIPPluginJar : add resmgrutility
2025-04-24 09:17:37,565 [INFO] IPUIPlugin:80 - create IPUIPlugin
2025-04-24 09:17:37,566 [INFO] PluginManager:220 - loadIPPluginJar : add i2c
2025-04-24 09:17:37,568 [INFO] IPUIPlugin:80 - create IPUIPlugin
2025-04-24 09:17:37,568 [INFO] PluginManager:220 - loadIPPluginJar : add openamp
2025-04-24 09:17:37,571 [INFO] IPUIPlugin:80 - create IPUIPlugin
2025-04-24 09:17:37,571 [INFO] PluginManager:220 - loadIPPluginJar : add spi
2025-04-24 09:17:37,572 [INFO] IPUIPlugin:80 - create IPUIPlugin
2025-04-24 09:17:37,572 [INFO] PluginManager:220 - loadIPPluginJar : add comp
2025-04-24 09:17:37,578 [INFO] IPUIPlugin:80 - create IPUIPlugin
2025-04-24 09:17:37,578 [INFO] PluginManager:220 - loadIPPluginJar : add dma
2025-04-24 09:17:37,582 [INFO] IPUIPlugin:80 - create IPUIPlugin
2025-04-24 09:17:37,583 [INFO] PluginManager:220 - loadIPPluginJar : add gpio
2025-04-24 09:17:37,589 [INFO] IPUIPlugin:80 - create IPUIPlugin
2025-04-24 09:17:37,589 [INFO] PluginManager:220 - loadIPPluginJar : add mdma
2025-04-24 09:17:37,591 [INFO] IPUIPlugin:80 - create IPUIPlugin
2025-04-24 09:17:37,591 [INFO] PluginManager:220 - loadIPPluginJar : add fatfs
2025-04-24 09:17:37,595 [INFO] IPUIPlugin:80 - create IPUIPlugin
2025-04-24 09:17:37,595 [INFO] PluginManager:220 - loadIPPluginJar : add touchsensing
2025-04-24 09:17:37,697 [FATAL] Updater:351 - Updater called before beeing initialized
2025-04-24 09:17:37,721 [INFO] RulesReader:64 - Compatibility file has been processed (301 Rules)
2025-04-24 09:17:37,732 [INFO] RulesReader:64 - Compatibility file has been processed (301 Rules)
2025-04-24 09:17:37,738 [INFO] CADModel:165 - CPN selected for project level
2025-04-24 09:17:37,738 [INFO] CADModel:114 - Register for checkConnection events
2025-04-24 09:17:37,739 [FATAL] Updater:351 - Updater called before beeing initialized
2025-04-24 09:17:37,739 [ERROR] CADModel:125 - Updater not yet initialized, retry later 
2025-04-24 09:17:37,886 [FATAL] Updater:351 - Updater called before beeing initialized
2025-04-24 09:17:37,888 [INFO] CADModel:165 - CPN selected for project level
2025-04-24 09:17:37,889 [INFO] CADModel:114 - Register for checkConnection events
2025-04-24 09:17:37,889 [FATAL] Updater:351 - Updater called before beeing initialized
2025-04-24 09:17:37,889 [ERROR] CADModel:125 - Updater not yet initialized, retry later 
2025-04-24 09:17:37,893 [FATAL] Updater:351 - Updater called before beeing initialized
2025-04-24 09:17:37,989 [FATAL] Updater:351 - Updater called before beeing initialized
2025-04-24 09:17:37,992 [INFO] DbMcusAds:53 - JSON generation date=Thu Sep 30 08:55:09 CEST 2021 (1632984909247)
2025-04-24 09:17:37,993 [FATAL] Updater:351 - Updater called before beeing initialized
2025-04-24 09:17:38,028 [WARN] DetailPanel:346 - Failed to get advertising image, set to default
2025-04-24 09:17:38,270 [FATAL] Updater:351 - Updater called before beeing initialized
2025-04-24 09:17:38,271 [FATAL] Updater:351 - Updater called before beeing initialized
2025-04-24 09:17:38,271 [FATAL] Updater:351 - Updater called before beeing initialized
2025-04-24 09:17:38,271 [WARN] DetailPanel:346 - Failed to get advertising image, set to default
2025-04-24 09:17:38,272 [FATAL] Updater:351 - Updater called before beeing initialized
2025-04-24 09:17:38,312 [ERROR] Updater:1198 - MainUpdater not yet initialized. External WinMGr cannot be set.
2025-04-24 09:17:38,314 [INFO] Updater:1134 - Updater Version found : 6.14.0
2025-04-24 09:17:38,337 [INFO] ApplicationProperties:184 - Using Application install path: /opt/stm32cubeide/plugins/com.st.stm32cube.common.mx_6.14.0.202502271554
2025-04-24 09:17:38,590 [INFO] MainUpdater:2872 - connection check result : 10
2025-04-24 09:17:38,591 [INFO] MainUpdater:289 - Updater Check For Update Now.
2025-04-24 09:17:38,591 [INFO] MicroXplorer:498 - Change Database Version : DB.6.0.140
2025-04-24 09:17:38,595 [INFO] McuFinderGlobals:63 - Set McuFinder mode to 2 (CubeIDE integrated)
2025-04-24 09:17:38,597 [INFO] UserAuth:486 - Internet connection configuration mode: 1
2025-04-24 09:17:38,617 [INFO] JxBrowserEngine:152 - Initiate JxBrowser Engine with user profile folder
2025-04-24 09:17:38,772 [INFO] CheckServerUpdateThread:120 - End of CheckServer Thread
2025-04-24 09:17:40,054 [INFO] WebApp:169 - Instantiating new browser for Auth
2025-04-24 09:17:40,065 [WARN] PackLoader:240 - Cannot read IP mode file for STMicroelectronics.FP-SNS-MOTENVWB1.1.4.0
2025-04-24 09:17:40,130 [WARN] PackLoader:240 - Cannot read IP mode file for STMicroelectronics.FP-ATR-ASTRA1.2.0.2
2025-04-24 09:17:40,136 [WARN] PackLoader:240 - Cannot read IP mode file for STMicroelectronics.FP-ATR-ASTRA1.2.0.1
2025-04-24 09:17:40,146 [WARN] PackLoader:240 - Cannot read IP mode file for STMicroelectronics.X-CUBE-SMBUS.2.1.0
2025-04-24 09:17:40,153 [WARN] PackLoader:240 - Cannot read IP mode file for STMicroelectronics.X-CUBE-WB05N.1.1.0
2025-04-24 09:17:40,186 [WARN] PackLoader:240 - Cannot read IP mode file for STMicroelectronics.X-CUBE-AZRTOS-F7.1.1.0
2025-04-24 09:17:40,198 [WARN] PackLoader:240 - Cannot read IP mode file for STMicroelectronics.FP-SNS-FLIGHT1.5.0.2
2025-04-24 09:17:40,248 [WARN] PackLoader:240 - Cannot read IP mode file for Infineon.AIROC-Wi-Fi-Bluetooth-STM32.1.7.0
2025-04-24 09:17:40,262 [WARN] PackLoader:240 - Cannot read IP mode file for STMicroelectronics.X-CUBE-DISPLAY.3.0.0
2025-04-24 09:17:40,279 [WARN] PackLoader:240 - Cannot read IP mode file for STMicroelectronics.X-CUBE-BLE1.7.0.0
2025-04-24 09:17:40,310 [WARN] PackLoader:240 - Cannot read IP mode file for STMicroelectronics.X-CUBE-NFC10.1.0.0
2025-04-24 09:17:40,328 [WARN] PackLoader:240 - Cannot read IP mode file for STMicroelectronics.X-CUBE-BLEMGR.4.0.0
2025-04-24 09:17:40,343 [WARN] PackLoader:240 - Cannot read IP mode file for emotas.I-CUBE-CANOPEN.1.3.0
2025-04-24 09:17:40,352 [WARN] PackLoader:240 - Cannot read IP mode file for STMicroelectronics.X-CUBE-AI.10.0.0
2025-04-24 09:17:40,362 [WARN] PackLoader:240 - Cannot read IP mode file for STMicroelectronics.FP-SNS-SMARTAG2.1.2.0
2025-04-24 09:17:40,408 [WARN] PackLoader:240 - Cannot read IP mode file for STMicroelectronics.FP-SNS-FLIGHT1.5.1.0
2025-04-24 09:17:40,462 [WARN] PackLoader:240 - Cannot read IP mode file for STMicroelectronics.X-CUBE-MEMS1.11.1.0
2025-04-24 09:17:40,654 [INFO] LogOutputStream:77 - [STDOUT_REDIRECT] 1 : Invalid condition id : UX_CORESTACK_Condition cause : null
2025-04-24 09:17:40,655 [INFO] LogOutputStream:77 - [STDOUT_REDIRECT] 1 : Invalid condition id : UX_CORESTACK_Condition cause : null
2025-04-24 09:17:40,655 [INFO] LogOutputStream:77 - [STDOUT_REDIRECT] 1 : Invalid condition id : UX_CORESTACK_Condition cause : null
2025-04-24 09:17:40,656 [INFO] LogOutputStream:77 - [STDOUT_REDIRECT] 1 : Invalid condition id : UX_CORESTACK_Condition cause : null
2025-04-24 09:17:40,656 [INFO] LogOutputStream:77 - [STDOUT_REDIRECT] 1 : Invalid condition id : UX_CORESTACK_Condition cause : null
2025-04-24 09:17:40,664 [WARN] PackLoader:240 - Cannot read IP mode file for STMicroelectronics.X-CUBE-AZRTOS-WL.2.0.0
2025-04-24 09:17:40,672 [WARN] PackLoader:240 - Cannot read IP mode file for STMicroelectronics.FP-SNS-MOTENV1.5.0.0
2025-04-24 09:17:40,694 [WARN] PackLoader:240 - Cannot read IP mode file for wolfSSL.I-CUBE-wolfMQTT.1.19.0
2025-04-24 09:17:40,700 [WARN] PackLoader:240 - Cannot read IP mode file for WES.I-CUBE-Cesium.1.3.0
2025-04-24 09:17:40,721 [WARN] PackLoader:240 - Cannot read IP mode file for STMicroelectronics.X-CUBE-BLE2.3.3.0
2025-04-24 09:17:40,729 [WARN] PackLoader:240 - Cannot read IP mode file for STMicroelectronics.X-CUBE-NFC9.1.0.0
2025-04-24 09:17:40,735 [WARN] PackLoader:240 - Cannot read IP mode file for STMicroelectronics.X-CUBE-BLE1.7.1.0
2025-04-24 09:17:40,772 [WARN] PackLoader:240 - Cannot read IP mode file for STMicroelectronics.X-CUBE-MEMS1.11.2.0
2025-04-24 09:17:40,893 [WARN] PackLoader:240 - Cannot read IP mode file for STMicroelectronics.X-CUBE-AZRTOS-G0.1.1.0
2025-04-24 09:17:40,906 [WARN] PackLoader:240 - Cannot read IP mode file for STMicroelectronics.X-CUBE-SAFEA1.1.2.2
2025-04-24 09:17:40,912 [WARN] PackLoader:240 - Cannot read IP mode file for STMicroelectronics.X-CUBE-NFC4.3.0.0
2025-04-24 09:17:40,920 [WARN] PackLoader:240 - Cannot read IP mode file for EmbeddedOffice.I-CUBE-FS-RTOS.1.0.1
2025-04-24 09:17:40,926 [WARN] PackLoader:240 - Cannot read IP mode file for STMicroelectronics.X-CUBE-WB05N.2.0.0
2025-04-24 09:17:40,932 [WARN] PackLoader:240 - Cannot read IP mode file for STMicroelectronics.X-CUBE-TCPP.4.2.0
2025-04-24 09:17:40,938 [WARN] PackLoader:240 - Cannot read IP mode file for RealThread.X-CUBE-RT-Thread_Nano.4.1.1
2025-04-24 09:17:40,941 [WARN] PackLoader:240 - Cannot read IP mode file for STMicroelectronics.FP-ATR-SIGFOX1.3.2.0
2025-04-24 09:17:40,960 [WARN] ConditionMgr:438 - getConditionDescription Invalid condition id : Cortex-A Device cause : null
2025-04-24 09:17:40,966 [WARN] ConditionMgr:1044 - genDependencies : Invalid condition id : Cortex-A Device cause : null
2025-04-24 09:17:40,966 [WARN] ConditionMgr:1044 - genDependencies : Invalid condition id : Cortex-A Device cause : null
2025-04-24 09:17:40,966 [WARN] ConditionMgr:1044 - genDependencies : Invalid condition id : Cortex-A Device cause : null
2025-04-24 09:17:40,970 [WARN] PackLoader:240 - Cannot read IP mode file for STMicroelectronics.X-CUBE-EEPRMA1.5.1.0
2025-04-24 09:17:40,976 [WARN] PackLoader:240 - Cannot read IP mode file for wolfSSL.I-CUBE-wolfSSL.5.7.6
2025-04-24 09:17:40,981 [WARN] PackLoader:240 - Cannot read IP mode file for ITTIA_DB.I-CUBE-ITTIADB.8.9.0
2025-04-24 09:17:41,002 [WARN] PackLoader:240 - Cannot read IP mode file for SEGGER.I-CUBE-embOS.1.3.1
2025-04-24 09:17:41,056 [WARN] PackLoader:240 - Cannot read IP mode file for STMicroelectronics.X-CUBE-ALGOBUILD.1.4.0
2025-04-24 09:17:41,074 [WARN] PackLoader:240 - Cannot read IP mode file for STMicroelectronics.X-CUBE-AZRTOS-F4.1.1.0
2025-04-24 09:17:41,080 [WARN] PackLoader:240 - Cannot read IP mode file for Avnet-IotConnect.X-CUBE-IoTC-DA16k-PMOD.1.0.0
2025-04-24 09:17:41,087 [WARN] PackLoader:240 - Cannot read IP mode file for STMicroelectronics.X-CUBE-ISPU.2.1.0
2025-04-24 09:17:41,104 [WARN] PackLoader:240 - Cannot read IP mode file for STMicroelectronics.X-CUBE-AZRTOS-L5.2.0.0
2025-04-24 09:17:41,119 [WARN] PackLoader:240 - Cannot read IP mode file for STMicroelectronics.X-CUBE-NFC6.3.1.0
2025-04-24 09:17:41,128 [WARN] PackLoader:240 - Cannot read IP mode file for STMicroelectronics.X-CUBE-DPower.1.2.0
2025-04-24 09:17:41,135 [WARN] PackLoader:240 - Cannot read IP mode file for STMicroelectronics.X-CUBE-FREERTOS.1.3.0
2025-04-24 09:17:41,142 [WARN] PackLoader:240 - Cannot read IP mode file for STMicroelectronics.X-CUBE-NFC7.1.0.1
2025-04-24 09:17:41,149 [INFO] WebApp:463 - Apply proxy settings
2025-04-24 09:17:41,150 [INFO] WebApp:548 - Chromium requires no authentication
2025-04-24 09:17:41,152 [WARN] PackLoader:240 - Cannot read IP mode file for STMicroelectronics.X-CUBE-DPower.1.3.0
2025-04-24 09:17:41,162 [INFO] WebApp:491 - Direct internet connection detected
2025-04-24 09:17:41,170 [WARN] ConditionMgr:438 - getConditionDescription Invalid condition id : LAN8742 Phy interface Condition cause : null
2025-04-24 09:17:41,171 [WARN] PackLoader:240 - Cannot read IP mode file for STMicroelectronics.X-CUBE-AZRTOS-L4.2.0.0
2025-04-24 09:17:41,172 [WARN] ConditionMgr:1044 - genDependencies : Invalid condition id : LAN8742 Phy interface Condition cause : null
2025-04-24 09:17:41,172 [WARN] ConditionMgr:1044 - genDependencies : Invalid condition id : LAN8742 Phy interface Condition cause : null
2025-04-24 09:17:41,173 [WARN] ConditionMgr:1044 - genDependencies : Invalid condition id : LAN8742 Phy interface Condition cause : null
2025-04-24 09:17:41,180 [WARN] PackLoader:240 - Cannot read IP mode file for STMicroelectronics.X-CUBE-SFXS2LP1.4.0.0
2025-04-24 09:17:41,186 [INFO] WebApp:894 - Register for checkConnection events
2025-04-24 09:17:41,187 [INFO] WebApp:463 - Apply proxy settings
2025-04-24 09:17:41,187 [INFO] WebApp:548 - Chromium requires no authentication
2025-04-24 09:17:41,188 [INFO] WebApp:491 - Direct internet connection detected
2025-04-24 09:17:41,203 [WARN] PackLoader:240 - Cannot read IP mode file for STMicroelectronics.X-CUBE-AZRTOS-H7.3.3.0
2025-04-24 09:17:41,218 [WARN] ConditionMgr:438 - getConditionDescription Invalid condition id : UX DEVICE CLASS RTOS Condition cause : null
2025-04-24 09:17:41,218 [WARN] ConditionMgr:438 - getConditionDescription Invalid condition id : UX DEVICE CLASS RTOS Condition cause : null
2025-04-24 09:17:41,219 [WARN] PackLoader:240 - Cannot read IP mode file for STMicroelectronics.X-CUBE-AZRTOS-WB.2.0.0
2025-04-24 09:17:41,219 [WARN] ConditionMgr:1044 - genDependencies : Invalid condition id : UX DEVICE CLASS RTOS Condition cause : null
2025-04-24 09:17:41,220 [WARN] ConditionMgr:1044 - genDependencies : Invalid condition id : UX DEVICE CLASS RTOS Condition cause : null
2025-04-24 09:17:41,220 [WARN] ConditionMgr:1044 - genDependencies : Invalid condition id : UX DEVICE CLASS RTOS Condition cause : null
2025-04-24 09:17:41,220 [WARN] ConditionMgr:1044 - genDependencies : Invalid condition id : UX DEVICE CLASS RTOS Condition cause : null
2025-04-24 09:17:41,220 [WARN] ConditionMgr:1044 - genDependencies : Invalid condition id : UX DEVICE CLASS RTOS Condition cause : null
2025-04-24 09:17:41,225 [WARN] PackLoader:240 - Cannot read IP mode file for STMicroelectronics.X-CUBE-GNSS1.7.0.1
2025-04-24 09:17:41,233 [WARN] PackLoader:240 - Cannot read IP mode file for STMicroelectronics.X-CUBE-TOUCHGFX.4.25.0
2025-04-24 09:17:41,243 [WARN] PackLoader:240 - Cannot read IP mode file for STMicroelectronics.FP-SNS-STBOX1.2.0.0
2025-04-24 09:17:41,282 [WARN] PackLoader:240 - Cannot read IP mode file for STMicroelectronics.X-CUBE-SUBG2.5.0.0
2025-04-24 09:17:41,313 [WARN] PackLoader:240 - Cannot read IP mode file for STMicroelectronics.X-CUBE-AZRTOS-H7RS.1.1.0
2025-04-24 09:17:41,320 [WARN] PackLoader:240 - Cannot read IP mode file for Cesanta.I-CUBE-Mongoose.7.13.0
2025-04-24 09:17:41,334 [WARN] PackLoader:240 - Cannot read IP mode file for STMicroelectronics.X-CUBE-AZRTOS-G4.2.0.0
2025-04-24 09:17:41,343 [WARN] PackLoader:240 - Cannot read IP mode file for STMicroelectronics.X-CUBE-IPS.3.1.0
2025-04-24 09:17:41,356 [WARN] PackLoader:240 - Cannot read IP mode file for STMicroelectronics.X-CUBE-ALS.1.0.2
2025-04-24 09:17:41,380 [WARN] PackLoader:240 - Cannot read IP mode file for STMicroelectronics.X-CUBE-TOUCHGFX.4.24.2
2025-04-24 09:17:41,383 [WARN] PackLoader:240 - Cannot read IP mode file for wolfSSL.I-CUBE-wolfTPM.3.4.0
2025-04-24 09:17:41,388 [WARN] PackLoader:240 - Cannot read IP mode file for portGmbH.I-Cube-SoM-uGOAL.1.1.0
2025-04-24 09:17:41,404 [WARN] PackLoader:240 - Cannot read IP mode file for STMicroelectronics.X-CUBE-AZRTOS-H7RS.1.0.0
2025-04-24 09:17:41,422 [WARN] PackLoader:240 - Cannot read IP mode file for STMicroelectronics.X-CUBE-TOF1.3.4.2
2025-04-24 09:17:41,428 [INFO] WebApp:225 - Starting web application
2025-04-24 09:17:41,429 [INFO] WebApp:593 - Web application path used /opt/stm32cubeide/plugins/com.st.stm32cube.common.mx_6.14.0.202502271554/db/plugins/mcufinder/reactClient1/index.html
2025-04-24 09:17:41,442 [WARN] PackLoader:240 - Cannot read IP mode file for STMicroelectronics.X-CUBE-TOF1.3.4.3
2025-04-24 09:17:41,458 [WARN] PackLoader:240 - Cannot read IP mode file for wolfSSL.I-CUBE-wolfSSH.1.4.17
2025-04-24 09:17:41,459 [INFO] ThirdParty:978 - Integrity check success = true
2025-04-24 09:17:41,459 [INFO] IntegrityCheckThread:100 - exiting critical section [integrity check]
2025-04-24 09:17:41,459 [INFO] IntegrityCheckThread:103 - End integrity checks thread
2025-04-24 09:17:41,556 [INFO] UserAuth:486 - Internet connection configuration mode: 1
2025-04-24 09:17:41,592 [INFO] WebApp:191 - Connection restablished
2025-04-24 09:18:42,031 [ERROR] LogOutputStream:75 - [STDERR_REDIRECT] 
